15/11/2020 - 01:39:44 : ==============================

15/11/2020 - 01:39:44 : Usuario Gustavo Logueado

15/11/2020 - 01:39:44 : ==============================

15/11/2020 - 01:40:02 : Usuario Gustavo realizó una consulta al listado de servicios

15/11/2020 - 01:40:11 : Usuario Gustavo realizó una consulta al listado de servicios

15/11/2020 - 01:40:33 : IdServicio: 1 - Alta de Servicio

15/11/2020 - 01:40:33 : Servicio creado existosamente

15/11/2020 - 01:40:43 : IdServicio: 2 - Alta de Servicio

15/11/2020 - 01:40:43 : Servicio creado existosamente

15/11/2020 - 01:40:54 : IdServicio: 3 - Alta de Servicio

15/11/2020 - 01:40:54 : Servicio creado existosamente

15/11/2020 - 01:41:03 : IdServicio: 4 - Alta de Servicio

15/11/2020 - 01:41:03 : Servicio creado existosamente

15/11/2020 - 01:41:16 : IdServicio: 5 - Alta de Servicio

15/11/2020 - 01:41:16 : Servicio creado existosamente

15/11/2020 - 01:41:26 : IdServicio: 6 - Alta de Servicio

15/11/2020 - 01:41:26 : Servicio creado existosamente

15/11/2020 - 01:41:39 : IdServicio: 7 - Alta de Servicio

15/11/2020 - 01:41:39 : Servicio creado existosamente

15/11/2020 - 01:41:53 : IdServicio: 8 - Alta de Servicio

15/11/2020 - 01:41:53 : Servicio creado existosamente

15/11/2020 - 01:42:02 : IdServicio: 9 - Alta de Servicio

15/11/2020 - 01:42:02 : Servicio creado existosamente

15/11/2020 - 01:42:12 : IdServicio: 10 - Alta de Servicio

15/11/2020 - 01:42:12 : Servicio creado existosamente

15/11/2020 - 01:42:21 : IdServicio: 11 - Alta de Servicio

15/11/2020 - 01:42:21 : Servicio creado existosamente

15/11/2020 - 01:42:33 : IdServicio: 12 - Alta de Servicio

15/11/2020 - 01:42:33 : Servicio creado existosamente

15/11/2020 - 01:42:46 : Usuario Gustavo realizó una consulta al listado de servicios

15/11/2020 - 01:42:58 : Usuario Gustavo realizó una consulta al listado de servicios

15/11/2020 - 01:43:21 : Usuario Gustavo realizó una consulta al listado de servicios

15/11/2020 - 01:44:01 : IdServicio: 2 - Reserva_A1

15/11/2020 - 01:44:05 : IdServicio: 2 - Reserva_B1

15/11/2020 - 01:44:08 : IdServicio: 2 - Reserva_C1

15/11/2020 - 01:44:27 : Usuario Gustavo realizó una consulta al listado de servicios

15/11/2020 - 01:44:53 : IdServicio: 11 - Reserva_A18

15/11/2020 - 01:44:58 : IdServicio: 11 - Reserva_A19

15/11/2020 - 01:45:02 : IdServicio: 11 - Reserva_C20

15/11/2020 - 01:45:17 : Consulta a log de usuario 

15/11/2020 - 01:45:37 : ==============================

15/11/2020 - 01:45:37 : Usuario Gustavo Deslogueado

15/11/2020 - 01:45:37 : ==============================

15/11/2020 - 01:55:49 : ==============================

15/11/2020 - 01:55:49 : Usuario Gustavo Logueado

15/11/2020 - 01:55:49 : ==============================

15/11/2020 - 01:55:55 : ==============================

15/11/2020 - 01:55:55 : Usuario Gustavo Deslogueado

15/11/2020 - 01:55:55 : ==============================

